D:\SoftserveAcademy\Pets-Search-Home\PetsSearchHome\Web\ClientApp\dist\out-tsc\src\app\app.component.js
D:\SoftserveAcademy\Pets-Search-Home\PetsSearchHome\Web\ClientApp\dist\out-tsc\src\app\app.component.js.map
D:\SoftserveAcademy\Pets-Search-Home\PetsSearchHome\Web\ClientApp\dist\out-tsc\src\app\app.module.js
D:\SoftserveAcademy\Pets-Search-Home\PetsSearchHome\Web\ClientApp\dist\out-tsc\src\app\app.module.js.map
D:\SoftserveAcademy\Pets-Search-Home\PetsSearchHome\Web\ClientApp\dist\out-tsc\src\environments\environment.js
D:\SoftserveAcademy\Pets-Search-Home\PetsSearchHome\Web\ClientApp\dist\out-tsc\src\environments\environment.js.map
D:\SoftserveAcademy\Pets-Search-Home\PetsSearchHome\Web\ClientApp\dist\out-tsc\src\main.js
D:\SoftserveAcademy\Pets-Search-Home\PetsSearchHome\Web\ClientApp\dist\out-tsc\src\main.js.map
D:\SoftserveAcademy\Pets-Search-Home\PetsSearchHome\Web\ClientApp\dist\out-tsc\src\polyfills.js
D:\SoftserveAcademy\Pets-Search-Home\PetsSearchHome\Web\ClientApp\dist\out-tsc\src\polyfills.js.map
D:\SoftserveAcademy\Pets-Search-Home\PetsSearchHome\Web\ClientApp\dist\out-tsc\src\test.js
D:\SoftserveAcademy\Pets-Search-Home\PetsSearchHome\Web\ClientApp\dist\out-tsc\src\test.js.map
D:\SoftserveAcademy\Pets-Search-Home\PetsSearchHome\Web\ClientApp\dist\out-tsc\src\environments\environment.prod.js
D:\SoftserveAcademy\Pets-Search-Home\PetsSearchHome\Web\ClientApp\dist\out-tsc\src\environments\environment.prod.js.map
D:\SoftserveAcademy\Pets-Search-Home\PetsSearchHome\Web\ClientApp\dist\out-tsc\src\app\app.component.spec.js
D:\SoftserveAcademy\Pets-Search-Home\PetsSearchHome\Web\ClientApp\dist\out-tsc\src\app\app.component.spec.js.map
D:\SoftserveAcademy\Pets-Search-Home\PetsSearchHome\Web\ClientApp\dist\out-tsc\e2e\app.po.js
D:\SoftserveAcademy\Pets-Search-Home\PetsSearchHome\Web\ClientApp\dist\out-tsc\e2e\app.po.js.map
D:\SoftserveAcademy\Pets-Search-Home\PetsSearchHome\Web\ClientApp\dist\out-tsc\e2e\app.e2e-spec.js
D:\SoftserveAcademy\Pets-Search-Home\PetsSearchHome\Web\ClientApp\dist\out-tsc\e2e\app.e2e-spec.js.map
D:\SoftserveAcademy\Pets-Search-Home\PetsSearchHome\Web\ClientApp\dist\out-tsc\src\app\app.component.js
D:\SoftserveAcademy\Pets-Search-Home\PetsSearchHome\Web\ClientApp\dist\out-tsc\src\app\app.component.js.map
D:\SoftserveAcademy\Pets-Search-Home\PetsSearchHome\Web\ClientApp\dist\out-tsc\src\app\app.module.js
D:\SoftserveAcademy\Pets-Search-Home\PetsSearchHome\Web\ClientApp\dist\out-tsc\src\app\app.module.js.map
D:\SoftserveAcademy\Pets-Search-Home\PetsSearchHome\Web\ClientApp\dist\out-tsc\src\environments\environment.js
D:\SoftserveAcademy\Pets-Search-Home\PetsSearchHome\Web\ClientApp\dist\out-tsc\src\environments\environment.js.map
D:\SoftserveAcademy\Pets-Search-Home\PetsSearchHome\Web\ClientApp\dist\out-tsc\src\main.js
D:\SoftserveAcademy\Pets-Search-Home\PetsSearchHome\Web\ClientApp\dist\out-tsc\src\main.js.map
D:\SoftserveAcademy\Pets-Search-Home\PetsSearchHome\Web\ClientApp\dist\out-tsc\src\polyfills.js
D:\SoftserveAcademy\Pets-Search-Home\PetsSearchHome\Web\ClientApp\dist\out-tsc\src\polyfills.js.map
D:\SoftserveAcademy\Pets-Search-Home\PetsSearchHome\Web\ClientApp\dist\out-tsc\src\test.js
D:\SoftserveAcademy\Pets-Search-Home\PetsSearchHome\Web\ClientApp\dist\out-tsc\src\test.js.map
D:\SoftserveAcademy\Pets-Search-Home\PetsSearchHome\Web\ClientApp\dist\out-tsc\src\environments\environment.prod.js
D:\SoftserveAcademy\Pets-Search-Home\PetsSearchHome\Web\ClientApp\dist\out-tsc\src\environments\environment.prod.js.map
D:\SoftserveAcademy\Pets-Search-Home\PetsSearchHome\Web\ClientApp\dist\out-tsc\src\app\app.component.spec.js
D:\SoftserveAcademy\Pets-Search-Home\PetsSearchHome\Web\ClientApp\dist\out-tsc\src\app\app.component.spec.js.map
D:\SoftserveAcademy\Pets-Search-Home\PetsSearchHome\Web\ClientApp\dist\out-tsc\e2e\app.po.js
D:\SoftserveAcademy\Pets-Search-Home\PetsSearchHome\Web\ClientApp\dist\out-tsc\e2e\app.po.js.map
D:\SoftserveAcademy\Pets-Search-Home\PetsSearchHome\Web\ClientApp\dist\out-tsc\e2e\app.e2e-spec.js
D:\SoftserveAcademy\Pets-Search-Home\PetsSearchHome\Web\ClientApp\dist\out-tsc\e2e\app.e2e-spec.js.map
